<?xml version="1.0" encoding="UTF-8"?>
<testng-results skipped="0" failed="1" total="4" passed="3">
  <reporter-output>
  </reporter-output>
  <suite name="Default suite" duration-ms="70" started-at="2012-03-02T22:31:38Z" finished-at="2012-03-02T22:31:38Z">
    <groups>
    </groups>
    <test name="Default test" duration-ms="70" started-at="2012-03-02T22:31:38Z" finished-at="2012-03-02T22:31:38Z">
      <class name="org.colorMine.tests.ColorCalculatorTest">
        <test-method status="FAIL" signature="getTriadic_GivenAColor_returnsTriadicColors()[pri:0, instance:org.colorMine.tests.ColorCalculatorTest@5239443f]" name="getTriadic_GivenAColor_returnsTriadicColors" duration-ms="44" started-at="2012-03-02T22:31:38Z" finished-at="2012-03-02T22:31:38Z">
          <exception class="java.lang.AssertionError">
            <full-stacktrace>
              <![CDATA[java.lang.AssertionError: 
	at org.testng.AssertJUnit.fail(AssertJUnit.java:59)
	at org.testng.AssertJUnit.assertTrue(AssertJUnit.java:24)
	at org.testng.AssertJUnit.assertTrue(AssertJUnit.java:33)
	at org.colorMine.tests.ColorCalculatorTest.getTriadic_GivenAColor_returnsTriadicColors(ColorCalculatorTest.java:56)
	at sun.reflect.NativeMethodAccessorImpl.invoke0(Native Method)
	at sun.reflect.NativeMethodAccessorImpl.invoke(NativeMethodAccessorImpl.java:57)
	at sun.reflect.DelegatingMethodAccessorImpl.invoke(DelegatingMethodAccessorImpl.java:43)
	at java.lang.reflect.Method.invoke(Method.java:616)
	at org.testng.internal.MethodInvocationHelper.invokeMethod(MethodInvocationHelper.java:80)
	at org.testng.internal.Invoker.invokeMethod(Invoker.java:701)
	at org.testng.internal.Invoker.invokeTestMethod(Invoker.java:893)
	at org.testng.internal.Invoker.invokeTestMethods(Invoker.java:1218)
	at org.testng.internal.TestMethodWorker.invokeTestMethods(TestMethodWorker.java:127)
	at org.testng.internal.TestMethodWorker.run(TestMethodWorker.java:111)
	at org.testng.TestRunner.privateRun(TestRunner.java:768)
	at org.testng.TestRunner.run(TestRunner.java:617)
	at org.testng.SuiteRunner.runTest(SuiteRunner.java:334)
	at org.testng.SuiteRunner.runSequentially(SuiteRunner.java:329)
	at org.testng.SuiteRunner.privateRun(SuiteRunner.java:291)
	at org.testng.SuiteRunner.run(SuiteRunner.java:240)
	at org.testng.SuiteRunnerWorker.runSuite(SuiteRunnerWorker.java:53)
	at org.testng.SuiteRunnerWorker.run(SuiteRunnerWorker.java:87)
	at org.testng.TestNG.runSuitesSequentially(TestNG.java:1185)
	at org.testng.TestNG.runSuitesLocally(TestNG.java:1110)
	at org.testng.TestNG.run(TestNG.java:1022)
	at org.testng.remote.RemoteTestNG.run(RemoteTestNG.java:109)
	at org.testng.remote.RemoteTestNG.initAndRun(RemoteTestNG.java:202)
	at org.testng.remote.RemoteTestNG.main(RemoteTestNG.java:173)
]]>
            </full-stacktrace>
          </exception> <!-- java.lang.AssertionError -->
        </test-method> <!-- getTriadic_GivenAColor_returnsTriadicColors -->
        <test-method status="PASS" signature="getTriadic_GivenAColor_returnsTwoValues()[pri:0, instance:org.colorMine.tests.ColorCalculatorTest@5239443f]" name="getTriadic_GivenAColor_returnsTwoValues" duration-ms="1" started-at="2012-03-02T22:31:38Z" finished-at="2012-03-02T22:31:38Z">
        </test-method> <!-- getTriadic_GivenAColor_returnsTwoValues -->
        <test-method status="PASS" signature="isComplement_GivenComplementaryColors_returnsTrue()[pri:0, instance:org.colorMine.tests.ColorCalculatorTest@5239443f]" name="isComplement_GivenComplementaryColors_returnsTrue" duration-ms="1" started-at="2012-03-02T22:31:38Z" finished-at="2012-03-02T22:31:38Z">
        </test-method> <!-- isComplement_GivenComplementaryColors_returnsTrue -->
        <test-method status="PASS" signature="isComplement_GivenNonComplementaryColors_returnsFalse()[pri:0, instance:org.colorMine.tests.ColorCalculatorTest@5239443f]" name="isComplement_GivenNonComplementaryColors_returnsFalse" duration-ms="1" started-at="2012-03-02T22:31:38Z" finished-at="2012-03-02T22:31:38Z">
        </test-method> <!-- isComplement_GivenNonComplementaryColors_returnsFalse -->
      </class> <!-- org.colorMine.tests.ColorCalculatorTest -->
    </test> <!-- Default test -->
  </suite> <!-- Default suite -->
</testng-results>
